This is pdfTeX, Version 3.141592653-2.6-1.40.27 (MiKTeX 25.3) (preloaded format=pdflatex 2025.3.25)  25 MAR 2025 22:03
entering extended mode
 restricted \write18 enabled.
 file:line:error style messages enabled.
 %&-line parsing enabled.
**d:/Documents/LaTeX_template_source/main.tex
(d:/Documents/LaTeX_template_source/main.tex
LaTeX2e <2024-11-01> patch level 2
L3 programming layer <2025-01-18>

! LaTeX Error: File `TLclass.cls' not found.

Type X to quit or <RETURN> to proceed,
or enter new name. (Default extension: cls)

Enter file name: 
d:/Documents/LaTeX_template_source/main.tex:4: Emergency stop.
<read *> 
         
l.4 ^^M
       
*** (cannot \read from terminal in nonstop modes)

 
Here is how much of TeX's memory you used:
 22 strings out of 473523
 502 string characters out of 5714630
 391471 words of memory out of 5000000
 23349 multiletter control sequences out of 15000+600000
 558837 words of font info for 36 fonts, out of 8000000 for 9000
 1141 hyphenation exceptions out of 8191
 19i,0n,29p,79b,17s stack positions out of 10000i,1000n,20000p,200000b,200000s
d:/Documents/LaTeX_template_source/main.tex:4:  ==> Fatal error occurred, no output PDF file produced!
